#! /usr/bin/vvp
:ivl_version "10.3 (stable)";
:ivl_delay_selection "TYPICAL";
:vpi_time_precision - 12;
:vpi_module "system";
:vpi_module "vhdl_sys";
:vpi_module "v2005_math";
:vpi_module "va_math";
S_0x560d1adbffd0 .scope module, "circuit_tb" "circuit_tb" 2 6;
 .timescale -9 -12;
v0x560d1add6940_0 .var "clk", 0 0;
v0x560d1add6a00_0 .var "en", 0 0;
v0x560d1add6aa0_0 .var/i "i", 31 0;
v0x560d1add6b70_0 .var "rst", 0 0;
v0x560d1add6c40_0 .net "y", 95 0, L_0x560d1add6d50;  1 drivers
E_0x560d1ad87a70 .event posedge, v0x560d1ad9aad0_0;
L_0x560d1add6d50 .part v0x560d1add66e0_0, 0, 96;
S_0x560d1adc0150 .scope module, "c0" "circuit" 2 32, 3 4 0, S_0x560d1adbffd0;
 .timescale -9 -12;
    .port_info 0 /INPUT 1 "rst"
    .port_info 1 /INPUT 1 "clk"
    .port_info 2 /INPUT 100 "r"
    .port_info 3 /INPUT 1 "en"
    .port_info 4 /OUTPUT 100 "y"
P_0x560d1adc2050 .param/l "W" 0 3 6, +C4<00000000000000000000000001100000>;
v0x560d1adad6b0_0 .var "acc_r", 99 0;
v0x560d1ad9aad0_0 .net "clk", 0 0, v0x560d1add6940_0;  1 drivers
v0x560d1ad9aba0_0 .var "cnt", 6 0;
v0x560d1add6310_0 .net "en", 0 0, v0x560d1add6a00_0;  1 drivers
o0x7f73818600d8 .functor BUFZ 100, C4<zzzzzzzzzzzzzzzzzzzzzzzzzzzzzzzzzzzzzzzzzzzzzzzzzzzzzzzzzzzzzzzzzzzzzzzzzzzzzzzzzzzzzzzzzzzzzzzzzzzz>; HiZ drive
v0x560d1add63f0_0 .net "r", 99 0, o0x7f73818600d8;  0 drivers
v0x560d1add6520_0 .net "rst", 0 0, v0x560d1add6b70_0;  1 drivers
v0x560d1add6600_0 .net "y", 99 0, v0x560d1add66e0_0;  1 drivers
v0x560d1add66e0_0 .var "y_int", 99 0;
v0x560d1add67c0_0 .var "y_int_n_1", 99 0;
E_0x560d1adbd5c0 .event edge, v0x560d1add67c0_0, v0x560d1adad6b0_0;
E_0x560d1adbe0f0 .event posedge, v0x560d1add6520_0, v0x560d1ad9aad0_0;
    .scope S_0x560d1adc0150;
T_0 ;
    %wait E_0x560d1adbe0f0;
    %load/vec4 v0x560d1add6520_0;
    %flag_set/vec4 8;
    %jmp/0xz  T_0.0, 8;
    %pushi/vec4 0, 0, 100;
    %assign/vec4 v0x560d1add67c0_0, 0;
    %jmp T_0.1;
T_0.0 ;
    %load/vec4 v0x560d1ad9aba0_0;
    %pad/u 32;
    %cmpi/ne 99, 0, 32;
    %jmp/0xz  T_0.2, 4;
    %load/vec4 v0x560d1add66e0_0;
    %assign/vec4 v0x560d1add67c0_0, 0;
T_0.2 ;
T_0.1 ;
    %jmp T_0;
    .thread T_0;
    .scope S_0x560d1adc0150;
T_1 ;
    %wait E_0x560d1adbe0f0;
    %load/vec4 v0x560d1add6520_0;
    %flag_set/vec4 8;
    %jmp/0xz  T_1.0, 8;
    %pushi/vec4 0, 0, 7;
    %assign/vec4 v0x560d1ad9aba0_0, 0;
    %jmp T_1.1;
T_1.0 ;
    %load/vec4 v0x560d1ad9aba0_0;
    %pad/u 32;
    %cmpi/ne 99, 0, 32;
    %jmp/0xz  T_1.2, 4;
    %load/vec4 v0x560d1ad9aba0_0;
    %addi 1, 0, 7;
    %assign/vec4 v0x560d1ad9aba0_0, 0;
T_1.2 ;
T_1.1 ;
    %jmp T_1;
    .thread T_1;
    .scope S_0x560d1adc0150;
T_2 ;
    %wait E_0x560d1adbd5c0;
    %load/vec4 v0x560d1add67c0_0;
    %muli 2, 0, 100;
    %load/vec4 v0x560d1adad6b0_0;
    %add;
    %store/vec4 v0x560d1add66e0_0, 0, 100;
    %jmp T_2;
    .thread T_2, $push;
    .scope S_0x560d1adbffd0;
T_3 ;
    %pushi/vec4 1, 0, 1;
    %store/vec4 v0x560d1add6940_0, 0, 1;
    %pushi/vec4 0, 0, 1;
    %store/vec4 v0x560d1add6b70_0, 0, 1;
    %end;
    .thread T_3;
    .scope S_0x560d1adbffd0;
T_4 ;
    %delay 5000, 0;
    %load/vec4 v0x560d1add6940_0;
    %inv;
    %store/vec4 v0x560d1add6940_0, 0, 1;
    %jmp T_4;
    .thread T_4;
    .scope S_0x560d1adbffd0;
T_5 ;
    %delay 1000, 0;
    %pushi/vec4 1, 0, 1;
    %store/vec4 v0x560d1add6b70_0, 0, 1;
    %delay 10000, 0;
    %pushi/vec4 0, 0, 1;
    %store/vec4 v0x560d1add6b70_0, 0, 1;
    %end;
    .thread T_5;
    .scope S_0x560d1adbffd0;
T_6 ;
    %vpi_call 2 17 "$dumpfile", "circuit.vcd" {0 0 0};
    %vpi_call 2 18 "$dumpvars" {0 0 0};
    %pushi/vec4 0, 0, 1;
    %store/vec4 v0x560d1add6a00_0, 0, 1;
    %pushi/vec4 0, 0, 32;
    %store/vec4 v0x560d1add6aa0_0, 0, 32;
T_6.0 ;
    %load/vec4 v0x560d1add6aa0_0;
    %cmpi/s 100, 0, 32;
    %jmp/0xz T_6.1, 5;
    %wait E_0x560d1ad87a70;
    %delay 1000, 0;
    %pushi/vec4 1, 0, 1;
    %store/vec4 v0x560d1add6a00_0, 0, 1;
    %load/vec4 v0x560d1add6aa0_0;
    %addi 1, 0, 32;
    %vpi_call 2 21 "$display", "%d: %d", S<0,vec4,s32>, v0x560d1add6c40_0 {1 0 0};
    %load/vec4 v0x560d1add6aa0_0;
    %addi 1, 0, 32;
    %store/vec4 v0x560d1add6aa0_0, 0, 32;
    %jmp T_6.0;
T_6.1 ;
    %wait E_0x560d1ad87a70;
    %delay 100000, 0;
    %vpi_call 2 24 "$finish" {0 0 0};
    %end;
    .thread T_6;
# The file index is used to find the file name in the following table.
:file_names 4;
    "N/A";
    "<interactive>";
    "solution_tb.v";
    "solution.v";
